<?xml version="1.0" encoding="UTF-8"?>
<testng-results ignored="0" total="3" passed="2" failed="1" skipped="0">
  <reporter-output>
  </reporter-output>
  <suite started-at="2022-07-19T10:44:27 IST" name="Default suite" finished-at="2022-07-19T10:44:40 IST" duration-ms="13518">
    <groups>
    </groups>
    <test started-at="2022-07-19T10:44:27 IST" name="Default test" finished-at="2022-07-19T10:44:40 IST" duration-ms="13518">
      <class name="loginPackage.SampleClass">
        <test-method is-config="true" signature="chromelaunch()[pri:0, instance:loginPackage.SampleClass@3d6f0054]" started-at="2022-07-19T10:44:27 IST" name="chromelaunch" finished-at="2022-07-19T10:44:36 IST" duration-ms="9450" status="PASS">
          <reporter-output>
          </reporter-output>
        </test-method> <!-- chromelaunch -->
        <test-method signature="cust(java.lang.String,java.lang.String,java.lang.String)[pri:0, instance:loginPackage.SampleClass@3d6f0054]" started-at="2022-07-19T10:44:36 IST" name="cust" finished-at="2022-07-19T10:44:36 IST" duration-ms="0" status="FAIL">
          <exception class="org.testng.TestNGException">
            <message>
              <![CDATA[
Cannot inject @Test annotated Method [cust] with [class java.lang.String, class java.lang.String, class java.lang.String].
For more information on native dependency injection please refer to https://testng.org/doc/documentation-main.html#native-dependency-injection]]>
            </message>
            <full-stacktrace>
              <![CDATA[org.testng.TestNGException: 
Cannot inject @Test annotated Method [cust] with [class java.lang.String, class java.lang.String, class java.lang.String].
For more information on native dependency injection please refer to https://testng.org/doc/documentation-main.html#native-dependency-injection
at org.testng.internal.Parameters.checkParameterTypes(Parameters.java:439)
at org.testng.internal.Parameters.createParametersForMethod(Parameters.java:353)
at org.testng.internal.Parameters.createParameters(Parameters.java:708)
at org.testng.internal.Parameters.handleParameters(Parameters.java:884)
at org.testng.internal.Parameters.handleParameters(Parameters.java:740)
at org.testng.internal.ParameterHandler.handleParameters(ParameterHandler.java:59)
at org.testng.internal.ParameterHandler.createParameters(ParameterHandler.java:38)
at org.testng.internal.TestInvoker$MethodInvocationAgent.invoke(TestInvoker.java:791)
at org.testng.internal.TestInvoker.invokeTestMethods(TestInvoker.java:146)
at org.testng.internal.TestMethodWorker.invokeTestMethods(TestMethodWorker.java:146)
at org.testng.internal.TestMethodWorker.run(TestMethodWorker.java:128)
at java.base/java.util.ArrayList.forEach(ArrayList.java:1511)
at org.testng.TestRunner.privateRun(TestRunner.java:794)
at org.testng.TestRunner.run(TestRunner.java:596)
at org.testng.SuiteRunner.runTest(SuiteRunner.java:377)
at org.testng.SuiteRunner.runSequentially(SuiteRunner.java:371)
at org.testng.SuiteRunner.privateRun(SuiteRunner.java:332)
at org.testng.SuiteRunner.run(SuiteRunner.java:276)
at org.testng.SuiteRunnerWorker.runSuite(SuiteRunnerWorker.java:53)
at org.testng.SuiteRunnerWorker.run(SuiteRunnerWorker.java:96)
at org.testng.TestNG.runSuitesSequentially(TestNG.java:1212)
at org.testng.TestNG.runSuitesLocally(TestNG.java:1134)
at org.testng.TestNG.runSuites(TestNG.java:1063)
at org.testng.TestNG.run(TestNG.java:1031)
at org.testng.remote.AbstractRemoteTestNG.run(AbstractRemoteTestNG.java:115)
at org.testng.remote.RemoteTestNG.initAndRun(RemoteTestNG.java:251)
at org.testng.remote.RemoteTestNG.main(RemoteTestNG.java:77)
]]>
            </full-stacktrace>
          </exception> <!-- org.testng.TestNGException -->
          <reporter-output>
          </reporter-output>
        </test-method> <!-- cust -->
        <test-method signature="login(java.lang.String,java.lang.String,java.lang.String)[pri:0, instance:loginPackage.SampleClass@3d6f0054]" started-at="2022-07-19T10:44:38 IST" name="login" data-provider="TotalData" finished-at="2022-07-19T10:44:38 IST" duration-ms="549" status="PASS">
          <params>
            <param index="0">
              <value>
                <![CDATA[frt]]>
              </value>
            </param>
            <param index="1">
              <value>
                <![CDATA[tyu]]>
              </value>
            </param>
            <param index="2">
              <value>
                <![CDATA[Yes]]>
              </value>
            </param>
          </params>
          <reporter-output>
          </reporter-output>
        </test-method> <!-- login -->
        <test-method is-config="true" signature="getResult(org.testng.ITestResult)[pri:0, instance:loginPackage.SampleClass@3d6f0054]" started-at="2022-07-19T10:44:38 IST" name="getResult" finished-at="2022-07-19T10:44:39 IST" duration-ms="501" status="PASS">
          <params>
            <param index="0">
              <value>
                <![CDATA[[TestResult name=login status=SUCCESS method=SampleClass.login(java.lang.String,java.lang.String,java.lang.String)[pri:0, instance:loginPackage.SampleClass@3d6f0054] output={null}]]]>
              </value>
            </param>
          </params>
          <reporter-output>
          </reporter-output>
        </test-method> <!-- getResult -->
        <test-method signature="login(java.lang.String,java.lang.String,java.lang.String)[pri:0, instance:loginPackage.SampleClass@3d6f0054]" started-at="2022-07-19T10:44:39 IST" name="login" data-provider="TotalData" finished-at="2022-07-19T10:44:39 IST" duration-ms="199" status="PASS">
          <params>
            <param index="0">
              <value>
                <![CDATA[fatDFTA]]>
              </value>
            </param>
            <param index="1">
              <value>
                <![CDATA[HBHJ]]>
              </value>
            </param>
            <param index="2">
              <value>
                <![CDATA[Yes]]>
              </value>
            </param>
          </params>
          <reporter-output>
          </reporter-output>
        </test-method> <!-- login -->
        <test-method is-config="true" signature="getResult(org.testng.ITestResult)[pri:0, instance:loginPackage.SampleClass@3d6f0054]" started-at="2022-07-19T10:44:39 IST" name="getResult" finished-at="2022-07-19T10:44:39 IST" duration-ms="296" status="PASS">
          <params>
            <param index="0">
              <value>
                <![CDATA[[TestResult name=login status=SUCCESS method=SampleClass.login(java.lang.String,java.lang.String,java.lang.String)[pri:0, instance:loginPackage.SampleClass@3d6f0054] output={null}]]]>
              </value>
            </param>
          </params>
          <reporter-output>
          </reporter-output>
        </test-method> <!-- getResult -->
        <test-method is-config="true" signature="driverclose()[pri:0, instance:loginPackage.SampleClass@3d6f0054]" started-at="2022-07-19T10:44:39 IST" name="driverclose" finished-at="2022-07-19T10:44:40 IST" duration-ms="996" status="PASS">
          <reporter-output>
          </reporter-output>
        </test-method> <!-- driverclose -->
      </class> <!-- loginPackage.SampleClass -->
    </test> <!-- Default test -->
  </suite> <!-- Default suite -->
</testng-results>
